<?xml version="1.0" encoding="UTF-8"?>
<coverage generated="1758280090095" clover="3.2.0">
  <project timestamp="1758280090095" name="All files">
    <metrics statements="45" coveredstatements="42" conditionals="57" coveredconditionals="53" methods="9" coveredmethods="9" elements="111" coveredelements="104" complexity="0" loc="45" ncloc="45" packages="1" files="1" classes="1"/>
    <file name="Modal.jsx" path="C:\Users\brico\Desktop\OpenClassRooms\Projet 14 - HRNet\HRNet-modal\src\Modal.jsx">
      <metrics statements="45" coveredstatements="42" conditionals="57" coveredconditionals="53" methods="9" coveredmethods="9"/>
      <line num="32" count="21" type="stmt"/>
      <line num="33" count="21" type="stmt"/>
      <line num="34" count="21" type="stmt"/>
      <line num="35" count="21" type="stmt"/>
      <line num="37" count="21" type="stmt"/>
      <line num="38" count="21" type="cond" truecount="2" falsecount="0"/>
      <line num="40" count="20" type="stmt"/>
      <line num="42" count="20" type="stmt"/>
      <line num="43" count="20" type="stmt"/>
      <line num="46" count="20" type="cond" truecount="3" falsecount="0"/>
      <line num="53" count="20" type="stmt"/>
      <line num="54" count="20" type="stmt"/>
      <line num="55" count="20" type="stmt"/>
      <line num="56" count="20" type="stmt"/>
      <line num="57" count="20" type="cond" truecount="2" falsecount="0"/>
      <line num="61" count="21" type="stmt"/>
      <line num="62" count="21" type="cond" truecount="4" falsecount="0"/>
      <line num="63" count="19" type="stmt"/>
      <line num="64" count="7" type="cond" truecount="2" falsecount="0"/>
      <line num="65" count="1" type="stmt"/>
      <line num="66" count="1" type="stmt"/>
      <line num="68" count="7" type="cond" truecount="4" falsecount="0"/>
      <line num="69" count="5" type="stmt"/>
      <line num="72" count="5" type="stmt"/>
      <line num="73" count="20" type="cond" truecount="2" falsecount="0"/>
      <line num="75" count="5" type="cond" truecount="1" falsecount="1"/>
      <line num="76" count="0" type="stmt"/>
      <line num="77" count="0" type="stmt"/>
      <line num="78" count="0" type="stmt"/>
      <line num="80" count="5" type="stmt"/>
      <line num="81" count="5" type="stmt"/>
      <line num="82" count="5" type="cond" truecount="4" falsecount="0"/>
      <line num="83" count="1" type="stmt"/>
      <line num="84" count="1" type="stmt"/>
      <line num="86" count="5" type="cond" truecount="4" falsecount="0"/>
      <line num="87" count="1" type="stmt"/>
      <line num="88" count="1" type="stmt"/>
      <line num="92" count="19" type="stmt"/>
      <line num="93" count="19" type="stmt"/>
      <line num="96" count="21" type="cond" truecount="2" falsecount="0"/>
      <line num="99" count="20" type="cond" truecount="2" falsecount="0"/>
      <line num="109" count="20" type="stmt"/>
      <line num="110" count="4" type="cond" truecount="2" falsecount="0"/>
      <line num="111" count="3" type="cond" truecount="2" falsecount="0"/>
      <line num="114" count="20" type="stmt"/>
    </file>
  </project>
</coverage>
