{"C:\\Users\\brico\\Desktop\\OpenClassRooms\\Projet 14 - HRNet\\HRNet-modal\\src\\Modal.jsx": {"path":"C:\\Users\\brico\\Desktop\\OpenClassRooms\\Projet 14 - HRNet\\HRNet-modal\\src\\Modal.jsx","statementMap":{"0":{"start":{"line":32,"column":21},"end":{"line":32,"column":33}},"1":{"start":{"line":33,"column":20},"end":{"line":33,"column":32}},"2":{"start":{"line":34,"column":18},"end":{"line":34,"column":78}},"3":{"start":{"line":35,"column":28},"end":{"line":35,"column":40}},"4":{"start":{"line":37,"column":2},"end":{"line":59,"column":32}},"5":{"start":{"line":38,"column":4},"end":{"line":38,"column":24}},"6":{"start":{"line":38,"column":17},"end":{"line":38,"column":24}},"7":{"start":{"line":40,"column":4},"end":{"line":40,"column":55}},"8":{"start":{"line":42,"column":29},"end":{"line":42,"column":57}},"9":{"start":{"line":43,"column":4},"end":{"line":43,"column":44}},"10":{"start":{"line":46,"column":6},"end":{"line":50,"column":23}},"11":{"start":{"line":53,"column":15},"end":{"line":53,"column":64}},"12":{"start":{"line":53,"column":43},"end":{"line":53,"column":63}},"13":{"start":{"line":54,"column":4},"end":{"line":58,"column":6}},"14":{"start":{"line":55,"column":6},"end":{"line":55,"column":31}},"15":{"start":{"line":56,"column":6},"end":{"line":56,"column":54}},"16":{"start":{"line":57,"column":6},"end":{"line":57,"column":71}},"17":{"start":{"line":61,"column":2},"end":{"line":94,"column":36}},"18":{"start":{"line":62,"column":4},"end":{"line":62,"column":39}},"19":{"start":{"line":62,"column":32},"end":{"line":62,"column":39}},"20":{"start":{"line":63,"column":22},"end":{"line":91,"column":5}},"21":{"start":{"line":64,"column":6},"end":{"line":67,"column":7}},"22":{"start":{"line":65,"column":8},"end":{"line":65,"column":28}},"23":{"start":{"line":66,"column":8},"end":{"line":66,"column":20}},"24":{"start":{"line":68,"column":6},"end":{"line":90,"column":7}},"25":{"start":{"line":69,"column":27},"end":{"line":71,"column":9}},"26":{"start":{"line":72,"column":26},"end":{"line":74,"column":9}},"27":{"start":{"line":73,"column":18},"end":{"line":73,"column":81}},"28":{"start":{"line":75,"column":8},"end":{"line":79,"column":9}},"29":{"start":{"line":76,"column":10},"end":{"line":76,"column":29}},"30":{"start":{"line":77,"column":10},"end":{"line":77,"column":36}},"31":{"start":{"line":78,"column":10},"end":{"line":78,"column":17}},"32":{"start":{"line":80,"column":22},"end":{"line":80,"column":34}},"33":{"start":{"line":81,"column":21},"end":{"line":81,"column":52}},"34":{"start":{"line":82,"column":8},"end":{"line":85,"column":9}},"35":{"start":{"line":83,"column":10},"end":{"line":83,"column":29}},"36":{"start":{"line":84,"column":10},"end":{"line":84,"column":24}},"37":{"start":{"line":86,"column":8},"end":{"line":89,"column":9}},"38":{"start":{"line":87,"column":10},"end":{"line":87,"column":29}},"39":{"start":{"line":88,"column":10},"end":{"line":88,"column":23}},"40":{"start":{"line":92,"column":4},"end":{"line":92,"column":58}},"41":{"start":{"line":93,"column":4},"end":{"line":93,"column":74}},"42":{"start":{"line":93,"column":17},"end":{"line":93,"column":73}},"43":{"start":{"line":96,"column":2},"end":{"line":96,"column":27}},"44":{"start":{"line":96,"column":15},"end":{"line":96,"column":27}},"45":{"start":{"line":99,"column":4},"end":{"line":105,"column":15}},"46":{"start":{"line":109,"column":33},"end":{"line":112,"column":3}},"47":{"start":{"line":110,"column":4},"end":{"line":110,"column":32}},"48":{"start":{"line":110,"column":25},"end":{"line":110,"column":32}},"49":{"start":{"line":111,"column":4},"end":{"line":111,"column":53}},"50":{"start":{"line":111,"column":41},"end":{"line":111,"column":53}},"51":{"start":{"line":114,"column":2},"end":{"line":158,"column":4}}},"fnMap":{"0":{"name":"Modal","decl":{"start":{"line":19,"column":24},"end":{"line":19,"column":29}},"loc":{"start":{"line":31,"column":3},"end":{"line":159,"column":1}},"line":31},"1":{"name":"(anonymous_1)","decl":{"start":{"line":37,"column":12},"end":{"line":37,"column":13}},"loc":{"start":{"line":37,"column":18},"end":{"line":59,"column":3}},"line":37},"2":{"name":"(anonymous_2)","decl":{"start":{"line":53,"column":37},"end":{"line":53,"column":38}},"loc":{"start":{"line":53,"column":43},"end":{"line":53,"column":63}},"line":53},"3":{"name":"(anonymous_3)","decl":{"start":{"line":54,"column":11},"end":{"line":54,"column":12}},"loc":{"start":{"line":54,"column":17},"end":{"line":58,"column":5}},"line":54},"4":{"name":"(anonymous_4)","decl":{"start":{"line":61,"column":12},"end":{"line":61,"column":13}},"loc":{"start":{"line":61,"column":18},"end":{"line":94,"column":3}},"line":61},"5":{"name":"(anonymous_5)","decl":{"start":{"line":63,"column":22},"end":{"line":63,"column":23}},"loc":{"start":{"line":63,"column":29},"end":{"line":91,"column":5}},"line":63},"6":{"name":"(anonymous_6)","decl":{"start":{"line":73,"column":10},"end":{"line":73,"column":11}},"loc":{"start":{"line":73,"column":18},"end":{"line":73,"column":81}},"line":73},"7":{"name":"(anonymous_7)","decl":{"start":{"line":93,"column":11},"end":{"line":93,"column":12}},"loc":{"start":{"line":93,"column":17},"end":{"line":93,"column":73}},"line":93},"8":{"name":"(anonymous_8)","decl":{"start":{"line":109,"column":33},"end":{"line":109,"column":34}},"loc":{"start":{"line":109,"column":40},"end":{"line":112,"column":3}},"line":109}},"branchMap":{"0":{"loc":{"start":{"line":25,"column":2},"end":{"line":25,"column":23}},"type":"default-arg","locations":[{"start":{"line":25,"column":19},"end":{"line":25,"column":23}}],"line":25},"1":{"loc":{"start":{"line":26,"column":2},"end":{"line":26,"column":19}},"type":"default-arg","locations":[{"start":{"line":26,"column":15},"end":{"line":26,"column":19}}],"line":26},"2":{"loc":{"start":{"line":27,"column":2},"end":{"line":27,"column":24}},"type":"default-arg","locations":[{"start":{"line":27,"column":20},"end":{"line":27,"column":24}}],"line":27},"3":{"loc":{"start":{"line":28,"column":2},"end":{"line":28,"column":13}},"type":"default-arg","locations":[{"start":{"line":28,"column":9},"end":{"line":28,"column":13}}],"line":28},"4":{"loc":{"start":{"line":30,"column":2},"end":{"line":30,"column":16}},"type":"default-arg","locations":[{"start":{"line":30,"column":14},"end":{"line":30,"column":16}}],"line":30},"5":{"loc":{"start":{"line":38,"column":4},"end":{"line":38,"column":24}},"type":"if","locations":[{"start":{"line":38,"column":4},"end":{"line":38,"column":24}},{"start":{},"end":{}}],"line":38},"6":{"loc":{"start":{"line":46,"column":6},"end":{"line":50,"column":23}},"type":"binary-expr","locations":[{"start":{"line":46,"column":6},"end":{"line":46,"column":30}},{"start":{"line":47,"column":6},"end":{"line":49,"column":7}},{"start":{"line":50,"column":6},"end":{"line":50,"column":23}}],"line":46},"7":{"loc":{"start":{"line":57,"column":6},"end":{"line":57,"column":70}},"type":"binary-expr","locations":[{"start":{"line":57,"column":6},"end":{"line":57,"column":31}},{"start":{"line":57,"column":35},"end":{"line":57,"column":70}}],"line":57},"8":{"loc":{"start":{"line":62,"column":4},"end":{"line":62,"column":39}},"type":"if","locations":[{"start":{"line":62,"column":4},"end":{"line":62,"column":39}},{"start":{},"end":{}}],"line":62},"9":{"loc":{"start":{"line":62,"column":8},"end":{"line":62,"column":30}},"type":"binary-expr","locations":[{"start":{"line":62,"column":8},"end":{"line":62,"column":15}},{"start":{"line":62,"column":19},"end":{"line":62,"column":30}}],"line":62},"10":{"loc":{"start":{"line":64,"column":6},"end":{"line":67,"column":7}},"type":"if","locations":[{"start":{"line":64,"column":6},"end":{"line":67,"column":7}},{"start":{},"end":{}}],"line":64},"11":{"loc":{"start":{"line":68,"column":6},"end":{"line":90,"column":7}},"type":"if","locations":[{"start":{"line":68,"column":6},"end":{"line":90,"column":7}},{"start":{},"end":{}}],"line":68},"12":{"loc":{"start":{"line":68,"column":10},"end":{"line":68,"column":46}},"type":"binary-expr","locations":[{"start":{"line":68,"column":10},"end":{"line":68,"column":25}},{"start":{"line":68,"column":29},"end":{"line":68,"column":46}}],"line":68},"13":{"loc":{"start":{"line":73,"column":18},"end":{"line":73,"column":81}},"type":"binary-expr","locations":[{"start":{"line":73,"column":18},"end":{"line":73,"column":46}},{"start":{"line":73,"column":50},"end":{"line":73,"column":81}}],"line":73},"14":{"loc":{"start":{"line":75,"column":8},"end":{"line":79,"column":9}},"type":"if","locations":[{"start":{"line":75,"column":8},"end":{"line":79,"column":9}},{"start":{},"end":{}}],"line":75},"15":{"loc":{"start":{"line":82,"column":8},"end":{"line":85,"column":9}},"type":"if","locations":[{"start":{"line":82,"column":8},"end":{"line":85,"column":9}},{"start":{},"end":{}}],"line":82},"16":{"loc":{"start":{"line":82,"column":12},"end":{"line":82,"column":58}},"type":"binary-expr","locations":[{"start":{"line":82,"column":12},"end":{"line":82,"column":23}},{"start":{"line":82,"column":27},"end":{"line":82,"column":58}}],"line":82},"17":{"loc":{"start":{"line":86,"column":8},"end":{"line":89,"column":9}},"type":"if","locations":[{"start":{"line":86,"column":8},"end":{"line":89,"column":9}},{"start":{},"end":{}}],"line":86},"18":{"loc":{"start":{"line":86,"column":12},"end":{"line":86,"column":58}},"type":"binary-expr","locations":[{"start":{"line":86,"column":12},"end":{"line":86,"column":22}},{"start":{"line":86,"column":26},"end":{"line":86,"column":58}}],"line":86},"19":{"loc":{"start":{"line":96,"column":2},"end":{"line":96,"column":27}},"type":"if","locations":[{"start":{"line":96,"column":2},"end":{"line":96,"column":27}},{"start":{},"end":{}}],"line":96},"20":{"loc":{"start":{"line":99,"column":4},"end":{"line":105,"column":15}},"type":"cond-expr","locations":[{"start":{"line":100,"column":8},"end":{"line":100,"column":19}},{"start":{"line":101,"column":8},"end":{"line":105,"column":15}}],"line":99},"21":{"loc":{"start":{"line":101,"column":8},"end":{"line":105,"column":15}},"type":"cond-expr","locations":[{"start":{"line":102,"column":8},"end":{"line":102,"column":15}},{"start":{"line":103,"column":8},"end":{"line":105,"column":15}}],"line":101},"22":{"loc":{"start":{"line":103,"column":8},"end":{"line":105,"column":15}},"type":"cond-expr","locations":[{"start":{"line":104,"column":8},"end":{"line":104,"column":15}},{"start":{"line":105,"column":8},"end":{"line":105,"column":15}}],"line":103},"23":{"loc":{"start":{"line":110,"column":4},"end":{"line":110,"column":32}},"type":"if","locations":[{"start":{"line":110,"column":4},"end":{"line":110,"column":32}},{"start":{},"end":{}}],"line":110},"24":{"loc":{"start":{"line":111,"column":4},"end":{"line":111,"column":53}},"type":"if","locations":[{"start":{"line":111,"column":4},"end":{"line":111,"column":53}},{"start":{},"end":{}}],"line":111},"25":{"loc":{"start":{"line":125,"column":25},"end":{"line":125,"column":60}},"type":"cond-expr","locations":[{"start":{"line":125,"column":33},"end":{"line":125,"column":48}},{"start":{"line":125,"column":51},"end":{"line":125,"column":60}}],"line":125},"26":{"loc":{"start":{"line":130,"column":9},"end":{"line":150,"column":9}},"type":"binary-expr","locations":[{"start":{"line":130,"column":10},"end":{"line":130,"column":15}},{"start":{"line":130,"column":19},"end":{"line":130,"column":34}},{"start":{"line":131,"column":10},"end":{"line":149,"column":16}}],"line":130},"27":{"loc":{"start":{"line":132,"column":13},"end":{"line":138,"column":13}},"type":"cond-expr","locations":[{"start":{"line":133,"column":14},"end":{"line":135,"column":19}},{"start":{"line":137,"column":14},"end":{"line":137,"column":22}}],"line":132},"28":{"loc":{"start":{"line":139,"column":13},"end":{"line":148,"column":13}},"type":"binary-expr","locations":[{"start":{"line":139,"column":13},"end":{"line":139,"column":28}},{"start":{"line":140,"column":14},"end":{"line":147,"column":23}}],"line":139},"29":{"loc":{"start":{"line":154,"column":9},"end":{"line":154,"column":68}},"type":"binary-expr","locations":[{"start":{"line":154,"column":9},"end":{"line":154,"column":15}},{"start":{"line":154,"column":19},"end":{"line":154,"column":68}}],"line":154}},"s":{"0":21,"1":21,"2":21,"3":21,"4":21,"5":21,"6":1,"7":20,"8":20,"9":20,"10":20,"11":20,"12":8,"13":20,"14":20,"15":20,"16":20,"17":21,"18":21,"19":2,"20":19,"21":7,"22":1,"23":1,"24":7,"25":5,"26":5,"27":20,"28":5,"29":0,"30":0,"31":0,"32":5,"33":5,"34":5,"35":1,"36":1,"37":5,"38":1,"39":1,"40":19,"41":19,"42":19,"43":21,"44":1,"45":20,"46":20,"47":4,"48":1,"49":3,"50":1,"51":20},"f":{"0":21,"1":21,"2":8,"3":20,"4":21,"5":7,"6":20,"7":19,"8":4},"b":{"0":[19],"1":[19],"2":[20],"3":[17],"4":[20],"5":[1,20],"6":[20,19,1],"7":[20,20],"8":[2,19],"9":[21,20],"10":[1,6],"11":[5,2],"12":[7,5],"13":[20,20],"14":[0,5],"15":[1,4],"16":[5,4],"17":[1,4],"18":[5,1],"19":[1,20],"20":[1,19],"21":[1,18],"22":[1,17],"23":[1,3],"24":[1,2],"25":[20,0],"26":[20,0,20],"27":[20,0],"28":[20,19],"29":[20,17]},"_coverageSchema":"1a1c01bbd47fc00a2c39e90264f33305004495a9","hash":"a5c51dc73dc7d7db44c8dd1c6f6bc89a64d0bbec"}
}
