TN:
SF:src\Modal.jsx
FN:19,Modal
FN:37,(anonymous_1)
FN:53,(anonymous_2)
FN:54,(anonymous_3)
FN:61,(anonymous_4)
FN:63,(anonymous_5)
FN:73,(anonymous_6)
FN:93,(anonymous_7)
FN:109,(anonymous_8)
FNF:9
FNH:9
FNDA:21,Modal
FNDA:21,(anonymous_1)
FNDA:8,(anonymous_2)
FNDA:20,(anonymous_3)
FNDA:21,(anonymous_4)
FNDA:7,(anonymous_5)
FNDA:20,(anonymous_6)
FNDA:19,(anonymous_7)
FNDA:4,(anonymous_8)
DA:32,21
DA:33,21
DA:34,21
DA:35,21
DA:37,21
DA:38,21
DA:40,20
DA:42,20
DA:43,20
DA:46,20
DA:53,20
DA:54,20
DA:55,20
DA:56,20
DA:57,20
DA:61,21
DA:62,21
DA:63,19
DA:64,7
DA:65,1
DA:66,1
DA:68,7
DA:69,5
DA:72,5
DA:73,20
DA:75,5
DA:76,0
DA:77,0
DA:78,0
DA:80,5
DA:81,5
DA:82,5
DA:83,1
DA:84,1
DA:86,5
DA:87,1
DA:88,1
DA:92,19
DA:93,19
DA:96,21
DA:99,20
DA:109,20
DA:110,4
DA:111,3
DA:114,20
LF:45
LH:42
BRDA:25,0,0,19
BRDA:26,1,0,19
BRDA:27,2,0,20
BRDA:28,3,0,17
BRDA:30,4,0,20
BRDA:38,5,0,1
BRDA:38,5,1,20
BRDA:46,6,0,20
BRDA:46,6,1,19
BRDA:46,6,2,1
BRDA:57,7,0,20
BRDA:57,7,1,20
BRDA:62,8,0,2
BRDA:62,8,1,19
BRDA:62,9,0,21
BRDA:62,9,1,20
BRDA:64,10,0,1
BRDA:64,10,1,6
BRDA:68,11,0,5
BRDA:68,11,1,2
BRDA:68,12,0,7
BRDA:68,12,1,5
BRDA:73,13,0,20
BRDA:73,13,1,20
BRDA:75,14,0,0
BRDA:75,14,1,5
BRDA:82,15,0,1
BRDA:82,15,1,4
BRDA:82,16,0,5
BRDA:82,16,1,4
BRDA:86,17,0,1
BRDA:86,17,1,4
BRDA:86,18,0,5
BRDA:86,18,1,1
BRDA:96,19,0,1
BRDA:96,19,1,20
BRDA:99,20,0,1
BRDA:99,20,1,19
BRDA:101,21,0,1
BRDA:101,21,1,18
BRDA:103,22,0,1
BRDA:103,22,1,17
BRDA:110,23,0,1
BRDA:110,23,1,3
BRDA:111,24,0,1
BRDA:111,24,1,2
BRDA:125,25,0,20
BRDA:125,25,1,0
BRDA:130,26,0,20
BRDA:130,26,1,0
BRDA:130,26,2,20
BRDA:132,27,0,20
BRDA:132,27,1,0
BRDA:139,28,0,20
BRDA:139,28,1,19
BRDA:154,29,0,20
BRDA:154,29,1,17
BRF:57
BRH:53
end_of_record
